[debug] [2026-06-28T05:28:41.579Z] ----------------------------------------------------------------------
[debug] [2026-06-28T05:28:41.581Z] Command:       C:\nvm4w\nodejs\node.exe C:\nvm4w\nodejs\node_modules\firebase-tools\lib\bin\firebase.js init
[debug] [2026-06-28T05:28:41.582Z] CLI Version:   15.22.3
[debug] [2026-06-28T05:28:41.582Z] Platform:      win32
[debug] [2026-06-28T05:28:41.582Z] Node Version:  v24.15.0
[debug] [2026-06-28T05:28:41.582Z] Detected Agent: unknown
[debug] [2026-06-28T05:28:41.582Z] Time:          Sun Jun 28 2026 11:28:41 GMT+0600 (Bangladesh Standard Time)
[debug] [2026-06-28T05:28:41.582Z] ----------------------------------------------------------------------
[debug] 
[info] 
     ######## #### ########  ######## ########     ###     ######  ########
     ##        ##  ##     ## ##       ##     ##  ##   ##  ##       ##
     ######    ##  ########  ######   ########  #########  ######  ######
     ##        ##  ##    ##  ##       ##     ## ##     ##       ## ##
     ##       #### ##     ## ######## ########  ##     ##  ######  ########

You're about to initialize a Firebase project in this directory:

  D:\Food-ordering\FoodOrder-client

[info] 
=== Project Setup
[info] 
[info] First, let's associate this project directory with a Firebase project.
[info] You can create multiple project aliases by running firebase use --add, 
[info] 
[debug] [2026-06-28T05:28:53.817Z] > command requires scopes: ["email","openid","https://www.googleapis.com/auth/cloudplatformprojects.readonly","https://www.googleapis.com/auth/firebase","https://www.googleapis.com/auth/cloud-platform"]
[debug] [2026-06-28T05:28:53.819Z] > authorizing via signed-in user (nazrulislampabelcu@gmail.com)
[debug] [2026-06-28T05:28:53.821Z] Checked if tokens are valid: true, expires at: 1782627861531
[debug] [2026-06-28T05:28:53.821Z] Checked if tokens are valid: true, expires at: 1782627861531
[debug] [2026-06-28T05:28:53.825Z] >>> [apiv2][query] GET https://firebase.googleapis.com/v1beta1/projects/chef-bazar-ff7dc [none]
[debug] [2026-06-28T05:28:54.328Z] <<< [apiv2][status] GET https://firebase.googleapis.com/v1beta1/projects/chef-bazar-ff7dc 200
[debug] [2026-06-28T05:28:54.328Z] <<< [apiv2][body] GET https://firebase.googleapis.com/v1beta1/projects/chef-bazar-ff7dc {"projectId":"chef-bazar-ff7dc","projectNumber":"957124407850","displayName":"chef-bazar","name":"projects/chef-bazar-ff7dc","resources":{"hostingSite":"chef-bazar-ff7dc"},"state":"ACTIVE","etag":"1_6986e98d-1240-46f6-bd74-45ece8cb9e6e"}
[info] i  Using project chef-bazar-ff7dc (chef-bazar) . 
[info] 
=== Hosting Setup
[debug] [2026-06-28T05:29:10.794Z] Checked if tokens are valid: true, expires at: 1782627861531
[debug] [2026-06-28T05:29:10.794Z] Checked if tokens are valid: true, expires at: 1782627861531
[debug] [2026-06-28T05:29:10.794Z] >>> [apiv2][query] GET https://firebase.googleapis.com/v1beta1/projects/chef-bazar-ff7dc [none]
[debug] [2026-06-28T05:29:11.252Z] <<< [apiv2][status] GET https://firebase.googleapis.com/v1beta1/projects/chef-bazar-ff7dc 200
[debug] [2026-06-28T05:29:11.253Z] <<< [apiv2][body] GET https://firebase.googleapis.com/v1beta1/projects/chef-bazar-ff7dc {"projectId":"chef-bazar-ff7dc","projectNumber":"957124407850","displayName":"chef-bazar","name":"projects/chef-bazar-ff7dc","resources":{"hostingSite":"chef-bazar-ff7dc"},"state":"ACTIVE","etag":"1_6986e98d-1240-46f6-bd74-45ece8cb9e6e"}
[info] 
[info] Your public directory is the folder (relative to your project directory) that
[info] will contain Hosting assets to be uploaded with firebase deploy. If you
[info] have a build process for your assets, use your build's output directory.
[info] 
[debug] [2026-06-28T05:31:25.238Z] ExitPromptError: User force closed the prompt with SIGINT
    at Interface.sigint (C:\Users\nazru\AppData\Local\nvm\v24.15.0\node_modules\firebase-tools\node_modules\@inquirer\core\dist\commonjs\lib\create-prompt.js:101:37)
    at Interface.emit (node:events:509:28)
    at [_ttyWrite] [as _ttyWrite] (node:internal/readline/interface:1327:18)
    at ReadStream.onkeypress (node:internal/readline/interface:284:20)
    at ReadStream.emit (node:events:521:24)
    at emitKeys (node:internal/readline/utils:371:14)
    at emitKeys.next (<anonymous>)
    at ReadStream.onData (node:internal/readline/emitKeypressEvents:64:36)
    at ReadStream.emit (node:events:509:28)
    at addChunk (node:internal/streams/readable:563:12)
[error] 
[error] Error: An unexpected error has occurred.
